[debug] [2019-11-20T23:34:44.155Z] ----------------------------------------------------------------------
[debug] [2019-11-20T23:34:44.157Z] Command:       /usr/local/bin/node /usr/local/bin/firebase deploy --only hosting:angular8-firebase
[debug] [2019-11-20T23:34:44.157Z] CLI Version:   7.6.1
[debug] [2019-11-20T23:34:44.157Z] Platform:      darwin
[debug] [2019-11-20T23:34:44.157Z] Node Version:  v10.16.3
[debug] [2019-11-20T23:34:44.158Z] Time:          Thu Nov 21 2019 00:34:44 GMT+0100 (GMT+01:00)
[debug] [2019-11-20T23:34:44.158Z] ----------------------------------------------------------------------
[debug] [2019-11-20T23:34:44.158Z] 
[debug] [2019-11-20T23:34:44.169Z] > command requires scopes: ["email","openid","https://www.googleapis.com/auth/cloudplatformprojects.readonly","https://www.googleapis.com/auth/firebase","https://www.googleapis.com/auth/cloud-platform"]
[debug] [2019-11-20T23:34:44.169Z] > authorizing via signed-in user
[debug] [2019-11-20T23:34:44.169Z] [iam] checking project angular8-firebase-4b640 for permissions ["firebase.projects.get","firebasehosting.sites.update"]
[debug] [2019-11-20T23:34:44.172Z] > refreshing access token with scopes: ["email","https://www.googleapis.com/auth/cloud-platform","https://www.googleapis.com/auth/cloudplatformprojects.readonly","https://www.googleapis.com/auth/firebase","openid"]
[debug] [2019-11-20T23:34:44.172Z] >>> HTTP REQUEST POST https://www.googleapis.com/oauth2/v3/token  
 <request body omitted>
[debug] [2019-11-20T23:34:44.368Z] <<< HTTP RESPONSE 200
[debug] [2019-11-20T23:34:44.387Z] >>> HTTP REQUEST POST https://cloudresourcemanager.googleapis.com/v1/projects/angular8-firebase-4b640:testIamPermissions  

[debug] [2019-11-20T23:34:45.350Z] <<< HTTP RESPONSE 200
[debug] [2019-11-20T23:34:45.352Z] >>> HTTP REQUEST GET https://firebase.googleapis.com/v1beta1/projects/angular8-firebase-4b640  
 
[debug] [2019-11-20T23:34:45.656Z] <<< HTTP RESPONSE 200
[info] 
[info] === Deploying to 'angular8-firebase-4b640'...
[info] 
[info] i  deploying hosting
[info] 
[info] ✔  Deploy complete!
[info] 
[info] Project Console: https://console.firebase.google.com/project/angular8-firebase-4b640/overview
[debug] [2019-11-20T23:34:45.664Z] TypeError: Cannot read property 'deploys' of undefined
    at /usr/local/lib/node_modules/firebase-tools/lib/deploy/index.js:84:36
    at process._tickCallback (internal/process/next_tick.js:68:7)
[error] 
[error] Error: An unexpected error has occurred.
